<?xml version="1.0" encoding="UTF-8"?>
<!-- Generated by org.testng.reporters.JUnitReportReporter -->
<testsuite hostname="LAPTOP-8GM7S38Q" failures="0" tests="2" name="package1.Class1" time="2.828" errors="0" timestamp="2024-03-15T18:15:24 IST" skipped="0">
  <testcase classname="package1.Class1" name="m1" time="2.270"/>
  <testcase classname="package1.Class1" name="m2" time="0.558"/>
</testsuite> <!-- package1.Class1 -->
